TN:
SF:app/layout.tsx
FN:11,RootLayout
FNF:1
FNH:0
FNDA:0,RootLayout
DA:2,0
DA:3,0
DA:5,0
DA:11,0
LF:4
LH:0
BRF:0
BRH:0
end_of_record
TN:
SF:app/page.tsx
FN:11,Dashboard
FNF:1
FNH:0
FNDA:0,Dashboard
DA:1,0
DA:2,0
DA:4,0
DA:5,0
DA:6,0
DA:7,0
DA:8,0
DA:9,0
DA:11,0
LF:9
LH:0
BRF:0
BRH:0
end_of_record
TN:
SF:app/games/[id]/page.tsx
FN:38,GamePage
FN:47,(anonymous_3)
FN:48,(anonymous_4)
FN:141,(anonymous_5)
FNF:4
FNH:0
FNDA:0,GamePage
FNDA:0,(anonymous_3)
FNDA:0,(anonymous_4)
FNDA:0,(anonymous_5)
DA:3,0
DA:4,0
DA:5,0
DA:6,0
DA:8,0
DA:9,0
DA:10,0
DA:11,0
DA:12,0
DA:38,0
DA:39,0
DA:40,0
DA:41,0
DA:43,0
DA:44,0
DA:45,0
DA:47,0
DA:48,0
DA:49,0
DA:50,0
DA:51,0
DA:52,0
DA:54,0
DA:55,0
DA:60,0
DA:62,0
DA:66,0
DA:69,0
DA:85,0
DA:142,0
LF:30
LH:0
BRDA:69,0,0,0
BRDA:85,1,0,0
BRDA:125,2,0,0
BRDA:125,2,1,0
BRDA:136,3,0,0
BRF:5
BRH:0
end_of_record
TN:
SF:app/new-session/page.tsx
FN:8,NewSession
FNF:1
FNH:0
FNDA:0,NewSession
DA:1,0
DA:2,0
DA:4,0
DA:5,0
DA:6,0
DA:8,0
LF:6
LH:0
BRF:0
BRH:0
end_of_record
TN:
SF:app/new-session/players/loading.tsx
FN:1,Loading
FNF:1
FNH:0
FNDA:0,Loading
DA:1,0
DA:2,0
LF:2
LH:0
BRF:0
BRH:0
end_of_record
TN:
SF:app/new-session/players/page.tsx
FN:27,PlayerSelection
FN:38,(anonymous_3)
FN:44,(anonymous_4)
FN:64,(anonymous_5)
FN:65,(anonymous_6)
FN:65,(anonymous_7)
FN:68,(anonymous_8)
FN:69,(anonymous_9)
FN:70,(anonymous_10)
FN:74,(anonymous_11)
FN:85,(anonymous_12)
FN:122,(anonymous_13)
FN:127,(anonymous_14)
FNF:13
FNH:0
FNDA:0,PlayerSelection
FNDA:0,(anonymous_3)
FNDA:0,(anonymous_4)
FNDA:0,(anonymous_5)
FNDA:0,(anonymous_6)
FNDA:0,(anonymous_7)
FNDA:0,(anonymous_8)
FNDA:0,(anonymous_9)
FNDA:0,(anonymous_10)
FNDA:0,(anonymous_11)
FNDA:0,(anonymous_12)
FNDA:0,(anonymous_13)
FNDA:0,(anonymous_14)
DA:3,0
DA:4,0
DA:5,0
DA:6,0
DA:8,0
DA:9,0
DA:10,0
DA:11,0
DA:12,0
DA:13,0
DA:14,0
DA:27,0
DA:28,0
DA:29,0
DA:30,0
DA:32,0
DA:33,0
DA:34,0
DA:35,0
DA:36,0
DA:38,0
DA:39,0
DA:40,0
DA:41,0
DA:44,0
DA:45,0
DA:46,0
DA:47,0
DA:48,0
DA:50,0
DA:51,0
DA:57,0
DA:61,0
DA:64,0
DA:65,0
DA:68,0
DA:69,0
DA:70,0
DA:71,0
DA:74,0
DA:75,0
DA:76,0
DA:80,0
DA:83,0
DA:84,0
DA:85,0
DA:86,0
DA:89,0
DA:123,0
DA:127,0
LF:50
LH:0
BRDA:39,0,0,0
BRDA:65,1,0,0
BRDA:65,1,1,0
BRDA:75,2,0,0
BRDA:89,3,0,0
BRF:5
BRH:0
end_of_record
TN:
SF:app/new-session/score/loading.tsx
FN:1,Loading
FNF:1
FNH:0
FNDA:0,Loading
DA:1,0
DA:2,0
LF:2
LH:0
BRF:0
BRH:0
end_of_record
TN:
SF:app/new-session/score/page.tsx
FN:25,ScorePage
FN:35,(anonymous_3)
FN:41,(anonymous_4)
FNF:3
FNH:0
FNDA:0,ScorePage
FNDA:0,(anonymous_3)
FNDA:0,(anonymous_4)
DA:3,0
DA:4,0
DA:5,0
DA:6,0
DA:8,0
DA:9,0
DA:10,0
DA:11,0
DA:12,0
DA:25,0
DA:26,0
DA:27,0
DA:28,0
DA:29,0
DA:31,0
DA:32,0
DA:33,0
DA:35,0
DA:36,0
DA:37,0
DA:38,0
DA:41,0
DA:42,0
DA:43,0
DA:44,0
DA:45,0
DA:47,0
DA:48,0
DA:54,0
DA:58,0
DA:61,0
LF:31
LH:0
BRDA:36,0,0,0
BRDA:36,1,0,0
BRDA:36,1,1,0
BRDA:61,2,0,0
BRF:4
BRH:0
end_of_record
TN:
SF:app/players/[id]/page.tsx
FN:33,PlayerPage
FN:42,(anonymous_3)
FN:43,(anonymous_4)
FN:134,(anonymous_5)
FNF:4
FNH:0
FNDA:0,PlayerPage
FNDA:0,(anonymous_3)
FNDA:0,(anonymous_4)
FNDA:0,(anonymous_5)
DA:3,0
DA:4,0
DA:5,0
DA:6,0
DA:8,0
DA:9,0
DA:10,0
DA:11,0
DA:12,0
DA:33,0
DA:34,0
DA:35,0
DA:36,0
DA:38,0
DA:39,0
DA:40,0
DA:42,0
DA:43,0
DA:44,0
DA:45,0
DA:46,0
DA:47,0
DA:49,0
DA:50,0
DA:55,0
DA:57,0
DA:61,0
DA:64,0
DA:80,0
DA:135,0
LF:30
LH:0
BRDA:64,0,0,0
BRDA:80,1,0,0
BRDA:129,2,0,0
BRDA:143,3,0,0
BRDA:143,3,1,0
BRDA:145,4,0,0
BRDA:145,4,1,0
BRDA:147,5,0,0
BRDA:147,5,1,0
BRDA:153,6,0,0
BRF:10
BRH:0
end_of_record
TN:
SF:app/sessions/[id]/page.tsx
FN:30,SessionPage
FN:38,(anonymous_3)
FN:39,(anonymous_4)
FN:94,(anonymous_5)
FN:139,(anonymous_6)
FNF:5
FNH:0
FNDA:0,SessionPage
FNDA:0,(anonymous_3)
FNDA:0,(anonymous_4)
FNDA:0,(anonymous_5)
FNDA:0,(anonymous_6)
DA:3,0
DA:4,0
DA:5,0
DA:6,0
DA:8,0
DA:9,0
DA:10,0
DA:11,0
DA:12,0
DA:30,0
DA:31,0
DA:32,0
DA:33,0
DA:35,0
DA:36,0
DA:38,0
DA:39,0
DA:40,0
DA:41,0
DA:42,0
DA:44,0
DA:45,0
DA:50,0
DA:52,0
DA:56,0
DA:59,0
DA:75,0
DA:94,0
DA:95,0
DA:140,0
LF:30
LH:0
BRDA:59,0,0,0
BRDA:75,1,0,0
BRDA:143,2,0,0
BRDA:143,2,1,0
BRDA:151,3,0,0
BRDA:151,3,1,0
BRDA:153,4,0,0
BRDA:153,4,1,0
BRDA:155,5,0,0
BRDA:155,5,1,0
BRDA:161,6,0,0
BRF:11
BRH:0
end_of_record
TN:
SF:components/add-game-form.tsx
FN:30,AddGameForm
FN:41,onSubmit
FNF:2
FNH:2
FNDA:20,AddGameForm
FNDA:3,onSubmit
DA:3,1
DA:4,1
DA:5,1
DA:6,1
DA:8,1
DA:9,1
DA:10,1
DA:11,1
DA:12,1
DA:13,1
DA:15,1
DA:30,5
DA:31,20
DA:33,20
DA:42,3
DA:43,3
DA:44,3
DA:45,1
DA:46,1
DA:51,1
DA:57,2
LF:21
LH:21
BRDA:128,0,0,1
BRDA:128,0,1,19
BRF:2
BRH:2
end_of_record
TN:
SF:components/add-player-form.tsx
FN:25,AddPlayerForm
FN:35,onSubmit
FNF:2
FNH:2
FNDA:31,AddPlayerForm
FNDA:4,onSubmit
DA:3,1
DA:4,1
DA:5,1
DA:6,1
DA:8,1
DA:9,1
DA:10,1
DA:11,1
DA:12,1
DA:14,1
DA:25,7
DA:26,31
DA:28,31
DA:36,4
DA:37,4
DA:38,4
DA:39,3
DA:40,3
DA:45,1
DA:51,4
LF:20
LH:20
BRDA:73,0,0,1
BRDA:73,0,1,30
BRF:2
BRH:2
end_of_record
TN:
SF:components/game-selector.tsx
FN:20,GameSelector
FN:27,(anonymous_2)
FN:28,(anonymous_3)
FN:42,(anonymous_4)
FN:44,(anonymous_5)
FN:48,(anonymous_6)
FN:61,(anonymous_7)
FN:69,(anonymous_8)
FN:80,(anonymous_9)
FN:85,(anonymous_10)
FNF:10
FNH:0
FNDA:0,GameSelector
FNDA:0,(anonymous_2)
FNDA:0,(anonymous_3)
FNDA:0,(anonymous_4)
FNDA:0,(anonymous_5)
FNDA:0,(anonymous_6)
FNDA:0,(anonymous_7)
FNDA:0,(anonymous_8)
FNDA:0,(anonymous_9)
FNDA:0,(anonymous_10)
DA:3,0
DA:4,0
DA:5,0
DA:7,0
DA:8,0
DA:9,0
DA:10,0
DA:11,0
DA:12,0
DA:20,0
DA:21,0
DA:22,0
DA:23,0
DA:24,0
DA:25,0
DA:27,0
DA:28,0
DA:29,0
DA:30,0
DA:31,0
DA:33,0
DA:35,0
DA:39,0
DA:42,0
DA:44,0
DA:45,0
DA:48,0
DA:49,0
DA:50,0
DA:61,0
DA:70,0
DA:81,0
DA:85,0
LF:33
LH:0
BRDA:67,0,0,0
BRDA:93,1,0,0
BRDA:93,1,1,0
BRF:3
BRH:0
end_of_record
TN:
SF:components/generic-score-form.tsx
FN:49,GenericScoreForm
FN:79,(anonymous_2)
FN:82,(anonymous_3)
FN:93,(anonymous_4)
FN:96,(anonymous_5)
FN:109,(anonymous_6)
FN:110,(anonymous_7)
FN:117,(anonymous_8)
FN:121,(anonymous_9)
FN:123,(anonymous_10)
FN:124,(anonymous_11)
FN:133,(anonymous_12)
FN:135,(anonymous_13)
FN:140,(anonymous_14)
FN:145,(anonymous_15)
FN:147,(anonymous_16)
FN:157,(anonymous_17)
FN:158,(anonymous_18)
FN:173,(anonymous_19)
FN:181,(anonymous_20)
FN:185,(anonymous_21)
FN:204,(anonymous_22)
FN:219,(anonymous_23)
FN:233,(anonymous_24)
FN:236,(anonymous_25)
FN:271,(anonymous_26)
FN:274,(anonymous_27)
FN:282,(anonymous_28)
FN:290,(anonymous_29)
FN:298,(anonymous_30)
FN:359,(anonymous_31)
FN:508,(anonymous_37)
FN:556,(anonymous_38)
FN:598,(anonymous_39)
FN:641,(anonymous_40)
FN:649,(anonymous_41)
FN:654,(anonymous_42)
FN:664,(anonymous_43)
FN:702,(anonymous_44)
FNF:39
FNH:37
FNDA:103,GenericScoreForm
FNDA:103,(anonymous_2)
FNDA:191,(anonymous_3)
FNDA:111,(anonymous_4)
FNDA:205,(anonymous_5)
FNDA:301,(anonymous_6)
FNDA:318,(anonymous_7)
FNDA:11,(anonymous_8)
FNDA:2,(anonymous_9)
FNDA:2,(anonymous_10)
FNDA:1,(anonymous_11)
FNDA:14,(anonymous_12)
FNDA:16,(anonymous_13)
FNDA:13,(anonymous_14)
FNDA:0,(anonymous_15)
FNDA:0,(anonymous_16)
FNDA:143,(anonymous_17)
FNDA:256,(anonymous_18)
FNDA:113,(anonymous_19)
FNDA:84,(anonymous_20)
FNDA:148,(anonymous_21)
FNDA:12,(anonymous_22)
FNDA:1,(anonymous_23)
FNDA:11,(anonymous_24)
FNDA:20,(anonymous_25)
FNDA:3,(anonymous_26)
FNDA:4,(anonymous_27)
FNDA:4,(anonymous_28)
FNDA:1,(anonymous_29)
FNDA:4,(anonymous_30)
FNDA:4,(anonymous_31)
FNDA:1,(anonymous_37)
FNDA:21,(anonymous_38)
FNDA:37,(anonymous_39)
FNDA:37,(anonymous_40)
FNDA:22,(anonymous_41)
FNDA:39,(anonymous_42)
FNDA:37,(anonymous_43)
FNDA:103,(anonymous_44)
DA:3,2
DA:4,2
DA:5,2
DA:6,2
DA:7,2
DA:8,2
DA:10,2
DA:11,2
DA:12,2
DA:13,2
DA:14,2
DA:15,2
DA:16,2
DA:17,2
DA:18,2
DA:20,2
DA:49,15
DA:50,103
DA:51,103
DA:52,103
DA:53,103
DA:54,103
DA:55,103
DA:56,103
DA:65,103
DA:73,103
DA:79,103
DA:80,103
DA:82,103
DA:83,191
DA:88,103
DA:91,103
DA:93,103
DA:94,111
DA:96,111
DA:97,205
DA:100,111
DA:103,103
DA:109,103
DA:110,301
DA:111,318
DA:112,318
DA:117,103
DA:119,11
DA:121,2
DA:123,2
DA:125,1
DA:128,1
DA:132,10
DA:133,14
DA:135,16
DA:138,8
DA:140,13
DA:141,8
DA:145,0
DA:146,0
DA:147,0
DA:148,0
DA:153,2
DA:157,103
DA:158,143
DA:159,256
DA:160,256
DA:162,256
DA:168,256
DA:174,113
DA:177,143
DA:181,103
DA:182,84
DA:183,84
DA:184,84
DA:185,148
DA:186,84
DA:187,84
DA:190,84
DA:192,84
DA:204,103
DA:205,12
DA:206,12
DA:208,12
DA:212,12
DA:219,103
DA:220,1
DA:221,1
DA:223,1
DA:224,1
DA:225,1
DA:233,103
DA:234,11
DA:236,11
DA:237,20
DA:240,11
DA:241,11
DA:244,11
DA:245,11
DA:246,3
DA:247,3
DA:251,3
DA:257,8
DA:258,8
DA:260,8
DA:261,8
DA:263,8
DA:271,103
DA:272,3
DA:273,3
DA:274,3
DA:275,4
DA:277,4
DA:282,4
DA:290,3
DA:291,1
DA:295,3
DA:296,3
DA:298,3
DA:299,4
DA:303,4
DA:304,1
DA:305,1
DA:307,4
DA:310,3
DA:317,3
DA:319,2
DA:324,2
DA:326,1
DA:327,1
DA:333,3
DA:360,4
DA:365,4
DA:508,1
DA:557,21
DA:599,37
DA:642,37
DA:650,22
DA:655,39
DA:665,37
DA:666,37
DA:667,37
DA:668,37
DA:703,103
LF:140
LH:136
BRDA:112,0,0,318
BRDA:112,0,1,49
BRDA:119,1,0,1
BRDA:119,2,0,11
BRDA:119,2,1,1
BRDA:123,3,0,2
BRDA:123,3,1,0
BRDA:125,4,0,1
BRDA:125,4,1,0
BRDA:132,5,0,8
BRDA:132,6,0,10
BRDA:132,6,1,8
BRDA:135,7,0,16
BRDA:135,7,1,3
BRDA:138,8,0,8
BRDA:138,8,1,0
BRDA:141,9,0,2
BRDA:141,9,1,6
BRDA:146,10,0,0
BRDA:162,11,0,212
BRDA:162,12,0,256
BRDA:162,12,1,212
BRDA:163,13,0,212
BRDA:163,13,1,0
BRDA:174,14,0,113
BRDA:174,14,1,0
BRDA:184,15,0,84
BRDA:184,15,1,0
BRDA:187,16,0,84
BRDA:187,16,1,4
BRDA:190,17,0,84
BRDA:190,17,1,64
BRDA:199,18,0,4
BRDA:199,18,1,80
BRDA:208,19,0,10
BRDA:208,19,1,2
BRDA:214,20,0,12
BRDA:214,20,1,0
BRDA:223,21,0,1
BRDA:245,22,0,3
BRDA:245,22,1,8
BRDA:247,23,0,1
BRDA:247,23,1,2
BRDA:247,24,0,3
BRDA:247,24,1,1
BRDA:260,25,0,0
BRDA:260,25,1,8
BRDA:261,26,0,0
BRDA:261,26,1,8
BRDA:291,27,0,1
BRDA:291,27,1,0
BRDA:296,28,0,3
BRDA:296,28,1,0
BRDA:299,29,0,4
BRDA:299,29,1,0
BRDA:303,30,0,1
BRDA:340,31,0,103
BRDA:360,32,0,1
BRDA:360,32,1,3
BRDA:360,33,0,4
BRDA:360,33,1,1
BRDA:362,34,0,2
BRDA:362,34,1,1
BRDA:373,35,0,103
BRDA:406,36,0,42
BRDA:414,37,0,50
BRDA:467,38,0,42
BRDA:493,39,0,103
BRDA:499,40,0,61
BRDA:520,41,0,50
BRDA:520,41,1,11
BRDA:521,42,0,0
BRDA:521,42,1,50
BRDA:526,43,0,61
BRDA:526,43,1,0
BRDA:530,44,0,61
BRDA:530,44,1,6
BRDA:541,45,0,103
BRDA:541,45,1,61
BRDA:561,46,0,21
BRDA:561,46,1,0
BRDA:579,47,0,21
BRDA:579,47,1,1
BRDA:584,48,0,21
BRDA:600,49,0,21
BRDA:600,49,1,16
BRDA:603,50,0,21
BRDA:603,50,1,16
BRDA:604,51,0,21
BRDA:604,51,1,16
BRDA:606,52,0,21
BRDA:606,52,1,16
BRDA:611,53,0,21
BRDA:611,53,1,16
BRDA:614,54,0,37
BRDA:616,55,0,31
BRDA:616,55,1,0
BRDA:630,56,0,103
BRDA:630,56,1,61
BRDA:656,57,0,39
BRDA:656,57,1,6
BRDA:667,58,0,37
BRDA:667,58,1,21
BRDA:670,59,0,21
BRDA:670,59,1,16
BRDA:672,60,0,21
BRDA:672,60,1,16
BRDA:685,61,0,103
BRDA:685,61,1,61
BRDA:735,62,0,57
BRDA:735,62,1,10
BRDA:754,63,0,103
BRDA:754,63,1,61
BRDA:754,63,2,57
BRDA:759,64,0,4
BRDA:759,64,1,17
BRDA:762,65,0,3
BRDA:762,65,1,18
BRF:118
BRH:101
end_of_record
TN:
SF:components/player-stats.tsx
FN:19,PlayerStats
FN:23,(anonymous_3)
FN:24,(anonymous_4)
FN:41,(anonymous_5)
FN:65,(anonymous_6)
FNF:5
FNH:5
FNDA:9,PlayerStats
FNDA:5,(anonymous_3)
FNDA:5,(anonymous_4)
FNDA:15,(anonymous_5)
FNDA:3,(anonymous_6)
DA:3,1
DA:4,1
DA:5,1
DA:7,1
DA:8,1
DA:9,1
DA:19,5
DA:20,9
DA:21,9
DA:23,9
DA:24,5
DA:25,5
DA:26,5
DA:27,3
DA:29,1
DA:31,4
DA:35,5
DA:38,9
DA:42,15
DA:54,4
DA:66,3
LF:21
LH:21
BRDA:38,0,0,5
BRDA:54,1,0,2
BRF:2
BRH:2
end_of_record
TN:
SF:components/popular-games.tsx
FN:20,PopularGames
FN:24,(anonymous_3)
FN:25,(anonymous_4)
FN:42,(anonymous_5)
FN:66,(anonymous_6)
FNF:5
FNH:0
FNDA:0,PopularGames
FNDA:0,(anonymous_3)
FNDA:0,(anonymous_4)
FNDA:0,(anonymous_5)
FNDA:0,(anonymous_6)
DA:3,0
DA:4,0
DA:5,0
DA:7,0
DA:8,0
DA:20,0
DA:21,0
DA:22,0
DA:24,0
DA:25,0
DA:26,0
DA:27,0
DA:28,0
DA:30,0
DA:32,0
DA:36,0
DA:39,0
DA:43,0
DA:55,0
DA:67,0
LF:20
LH:0
BRDA:39,0,0,0
BRDA:55,1,0,0
BRDA:79,2,0,0
BRF:3
BRH:0
end_of_record
TN:
SF:components/recent-sessions.tsx
FN:25,RecentSessions
FN:29,(anonymous_3)
FN:30,(anonymous_4)
FN:47,(anonymous_5)
FN:71,(anonymous_6)
FNF:5
FNH:0
FNDA:0,RecentSessions
FNDA:0,(anonymous_3)
FNDA:0,(anonymous_4)
FNDA:0,(anonymous_5)
FNDA:0,(anonymous_6)
DA:3,0
DA:4,0
DA:5,0
DA:7,0
DA:8,0
DA:9,0
DA:25,0
DA:26,0
DA:27,0
DA:29,0
DA:30,0
DA:31,0
DA:32,0
DA:33,0
DA:35,0
DA:37,0
DA:41,0
DA:44,0
DA:48,0
DA:60,0
DA:72,0
LF:21
LH:0
BRDA:44,0,0,0
BRDA:60,1,0,0
BRF:2
BRH:0
end_of_record
TN:
SF:components/score-form.tsx
FN:33,ScoreForm
FN:43,(anonymous_2)
FN:77,(anonymous_3)
FN:78,(anonymous_4)
FN:81,(anonymous_5)
FN:87,(anonymous_6)
FN:89,(anonymous_7)
FN:107,(anonymous_8)
FN:110,(anonymous_9)
FN:155,(anonymous_10)
FN:158,(anonymous_11)
FN:201,onSubmit
FN:205,(anonymous_13)
FN:245,(anonymous_14)
FN:251,(anonymous_15)
FN:286,(anonymous_16)
FN:322,(anonymous_17)
FN:376,(anonymous_18)
FN:398,(anonymous_19)
FN:424,(anonymous_20)
FN:429,(anonymous_21)
FN:459,(anonymous_22)
FN:467,(anonymous_23)
FN:470,(anonymous_24)
FNF:24
FNH:1
FNDA:4,ScoreForm
FNDA:0,(anonymous_2)
FNDA:0,(anonymous_3)
FNDA:0,(anonymous_4)
FNDA:0,(anonymous_5)
FNDA:0,(anonymous_6)
FNDA:0,(anonymous_7)
FNDA:0,(anonymous_8)
FNDA:0,(anonymous_9)
FNDA:0,(anonymous_10)
FNDA:0,(anonymous_11)
FNDA:0,onSubmit
FNDA:0,(anonymous_13)
FNDA:0,(anonymous_14)
FNDA:0,(anonymous_15)
FNDA:0,(anonymous_16)
FNDA:0,(anonymous_17)
FNDA:0,(anonymous_18)
FNDA:0,(anonymous_19)
FNDA:0,(anonymous_20)
FNDA:0,(anonymous_21)
FNDA:0,(anonymous_22)
FNDA:0,(anonymous_23)
FNDA:0,(anonymous_24)
DA:3,1
DA:4,1
DA:5,1
DA:6,1
DA:7,1
DA:8,1
DA:10,1
DA:11,1
DA:12,1
DA:13,1
DA:14,1
DA:15,1
DA:16,1
DA:17,1
DA:18,1
DA:20,1
DA:33,4
DA:35,4
DA:39,0
DA:40,0
DA:43,0
DA:44,0
DA:45,0
DA:47,0
DA:49,0
DA:50,0
DA:52,0
DA:53,0
DA:54,0
DA:55,0
DA:57,0
DA:58,0
DA:59,0
DA:61,0
DA:68,0
DA:70,0
DA:73,0
DA:77,0
DA:78,0
DA:81,0
DA:83,0
DA:87,0
DA:88,0
DA:89,0
DA:90,0
DA:91,0
DA:92,0
DA:95,0
DA:97,0
DA:107,0
DA:108,0
DA:110,0
DA:111,0
DA:113,0
DA:116,0
DA:118,0
DA:123,0
DA:125,0
DA:130,0
DA:132,0
DA:140,0
DA:143,0
DA:149,0
DA:152,0
DA:155,0
DA:156,0
DA:158,0
DA:159,0
DA:161,0
DA:162,0
DA:164,0
DA:169,0
DA:171,0
DA:176,0
DA:178,0
DA:186,0
DA:189,0
DA:193,0
DA:196,0
DA:202,0
DA:203,0
DA:205,0
DA:206,0
DA:207,0
DA:209,0
DA:211,0
DA:212,0
DA:214,0
DA:215,0
DA:216,0
DA:217,0
DA:219,0
DA:220,0
DA:221,0
DA:223,0
DA:230,0
DA:233,0
DA:236,0
DA:245,0
DA:248,0
DA:249,0
DA:251,0
DA:252,0
DA:253,0
DA:254,0
DA:256,0
DA:259,0
DA:266,0
DA:268,0
DA:273,0
DA:275,0
DA:276,0
DA:282,0
DA:286,0
DA:287,0
DA:289,0
DA:291,0
DA:297,0
DA:303,0
DA:313,0
DA:317,0
DA:323,0
DA:324,0
DA:325,0
DA:326,0
DA:329,0
DA:377,0
DA:378,0
DA:399,0
DA:400,0
DA:425,0
DA:426,0
DA:430,0
DA:460,0
DA:468,0
DA:471,0
LF:136
LH:18
BRDA:35,0,0,4
BRDA:44,1,0,0
BRDA:44,1,1,0
BRDA:47,2,0,0
BRDA:47,2,1,0
BRDA:47,2,2,0
BRDA:47,2,3,0
BRDA:47,2,4,0
BRDA:49,3,0,0
BRDA:49,3,1,0
BRDA:52,4,0,0
BRDA:52,4,1,0
BRDA:53,5,0,0
BRDA:54,6,0,0
BRDA:57,7,0,0
BRDA:57,7,1,0
BRDA:57,8,0,0
BRDA:57,8,1,0
BRDA:58,9,0,0
BRDA:62,10,0,0
BRDA:62,10,1,0
BRDA:63,11,0,0
BRDA:63,11,1,0
BRDA:64,12,0,0
BRDA:64,12,1,0
BRDA:65,13,0,0
BRDA:65,13,1,0
BRDA:66,14,0,0
BRDA:66,14,1,0
BRDA:67,15,0,0
BRDA:67,15,1,0
BRDA:70,16,0,0
BRDA:70,16,1,0
BRDA:91,17,0,0
BRDA:91,17,1,0
BRDA:92,18,0,0
BRDA:92,18,1,0
BRDA:95,19,0,0
BRDA:95,19,1,0
BRDA:98,20,0,0
BRDA:98,20,1,0
BRDA:102,21,0,0
BRDA:102,21,1,0
BRDA:111,22,0,0
BRDA:111,22,1,0
BRDA:111,22,2,0
BRDA:111,22,3,0
BRDA:111,22,4,0
BRDA:159,23,0,0
BRDA:159,23,1,0
BRDA:159,23,2,0
BRDA:159,23,3,0
BRDA:159,23,4,0
BRDA:209,24,0,0
BRDA:209,24,1,0
BRDA:209,24,2,0
BRDA:209,24,3,0
BRDA:209,24,4,0
BRDA:215,25,0,0
BRDA:216,26,0,0
BRDA:220,27,0,0
BRDA:252,28,0,0
BRDA:287,29,0,0
BRDA:287,29,1,0
BRDA:287,29,2,0
BRDA:287,29,3,0
BRDA:287,29,4,0
BRDA:325,30,0,0
BRDA:325,30,1,0
BRDA:326,31,0,0
BRDA:326,31,1,0
BRDA:329,32,0,0
BRDA:329,33,0,0
BRDA:329,33,1,0
BRDA:382,34,0,0
BRDA:382,34,1,0
BRDA:409,35,0,0
BRDA:431,36,0,0
BRDA:431,36,1,0
BRDA:434,37,0,0
BRDA:434,37,1,0
BRDA:435,38,0,0
BRDA:435,38,1,0
BRDA:437,39,0,0
BRDA:437,39,1,0
BRDA:441,40,0,0
BRDA:441,40,1,0
BRDA:479,41,0,0
BRDA:508,42,0,0
BRDA:508,42,1,0
BRF:90
BRH:1
end_of_record
TN:
SF:components/theme-provider.tsx
FN:9,ThemeProvider
FNF:1
FNH:0
FNDA:0,ThemeProvider
DA:3,3
DA:7,3
DA:9,0
LF:3
LH:2
BRF:0
BRH:0
end_of_record
TN:
SF:components/theme-toggle.tsx
FN:15,ThemeToggle
FN:28,(anonymous_5)
FN:31,(anonymous_6)
FN:34,(anonymous_7)
FNF:4
FNH:0
FNDA:0,ThemeToggle
FNDA:0,(anonymous_5)
FNDA:0,(anonymous_6)
FNDA:0,(anonymous_7)
DA:3,0
DA:4,0
DA:5,0
DA:7,0
DA:13,0
DA:15,0
DA:16,0
DA:28,0
DA:31,0
DA:34,0
LF:10
LH:0
BRF:0
BRH:0
end_of_record
TN:
SF:components/score-templates/catan.tsx
FN:10,CatanScoreFields
FN:13,(anonymous_2)
FNF:2
FNH:0
FNDA:0,CatanScoreFields
FNDA:0,(anonymous_2)
DA:1,0
DA:2,0
DA:3,0
DA:10,0
DA:14,0
LF:5
LH:0
BRF:0
BRH:0
end_of_record
TN:
SF:components/score-templates/generic.tsx
FN:9,GenericScoreFields
FN:12,(anonymous_2)
FNF:2
FNH:0
FNDA:0,GenericScoreFields
FNDA:0,(anonymous_2)
DA:1,0
DA:2,0
DA:9,0
DA:13,0
LF:4
LH:0
BRF:0
BRH:0
end_of_record
TN:
SF:components/score-templates/ticket-to-ride.tsx
FN:10,TicketToRideScoreFields
FN:13,(anonymous_2)
FNF:2
FNH:0
FNDA:0,TicketToRideScoreFields
FNDA:0,(anonymous_2)
DA:1,0
DA:2,0
DA:3,0
DA:10,0
DA:14,0
LF:5
LH:0
BRF:0
BRH:0
end_of_record
TN:
SF:components/score-templates/wingspan.tsx
FN:9,WingspanScoreFields
FN:12,(anonymous_2)
FNF:2
FNH:0
FNDA:0,WingspanScoreFields
FNDA:0,(anonymous_2)
DA:1,0
DA:2,0
DA:9,0
DA:13,0
LF:4
LH:0
BRF:0
BRH:0
end_of_record
TN:
SF:components/ui/accordion.tsx
FNF:0
FNH:0
DA:3,0
DA:4,0
DA:5,0
DA:7,0
DA:9,0
DA:21,0
DA:41,0
DA:56,0
DA:58,0
LF:9
LH:0
BRF:0
BRH:0
end_of_record
TN:
SF:components/ui/alert-dialog.tsx
FNF:0
FNH:0
DA:3,0
DA:4,0
DA:6,0
DA:7,0
DA:9,0
DA:11,0
DA:13,0
DA:28,0
DA:46,0
DA:60,0
DA:74,0
DA:86,0
DA:98,0
DA:111,0
DA:127,0
DA:130,0
DA:131,0
DA:132,0
DA:133,0
DA:134,0
DA:135,0
DA:136,0
DA:137,0
DA:138,0
DA:139,0
DA:140,0
LF:26
LH:0
BRF:0
BRH:0
end_of_record
TN:
SF:components/ui/alert.tsx
FNF:0
FNH:0
DA:1,0
DA:2,0
DA:4,0
DA:6,0
DA:33,0
DA:45,0
DA:57,0
DA:59,0
LF:8
LH:0
BRF:0
BRH:0
end_of_record
TN:
SF:components/ui/aspect-ratio.tsx
FNF:0
FNH:0
DA:3,0
DA:5,0
DA:7,0
LF:3
LH:0
BRF:0
BRH:0
end_of_record
TN:
SF:components/ui/avatar.tsx
FNF:0
FNH:0
DA:3,0
DA:4,0
DA:6,0
DA:21,0
DA:33,0
DA:48,0
DA:50,0
LF:7
LH:0
BRF:0
BRH:0
end_of_record
TN:
SF:components/ui/badge.tsx
FN:30,Badge
FNF:1
FNH:1
FNDA:33,Badge
DA:1,2
DA:2,2
DA:4,2
DA:6,2
DA:36,33
LF:5
LH:5
BRF:0
BRH:0
end_of_record
TN:
SF:components/ui/breadcrumb.tsx
FN:47,(anonymous_14)
FNF:1
FNH:0
FNDA:0,(anonymous_14)
DA:1,0
DA:2,0
DA:3,0
DA:5,0
DA:13,0
DA:28,0
DA:40,0
DA:42,0
DA:48,0
DA:58,0
DA:73,0
DA:89,0
DA:105,0
DA:108,0
DA:109,0
DA:110,0
DA:111,0
DA:112,0
DA:113,0
DA:114,0
LF:20
LH:0
BRDA:48,0,0,0
BRDA:48,0,1,0
BRDA:86,1,0,0
BRDA:86,1,1,0
BRF:4
BRH:0
end_of_record
TN:
SF:components/ui/button.tsx
FN:43,(anonymous_6)
FNF:1
FNH:1
FNDA:234,(anonymous_6)
DA:1,4
DA:2,4
DA:3,4
DA:5,4
DA:7,4
DA:42,4
DA:44,234
DA:54,4
DA:56,234
LF:9
LH:9
BRDA:43,0,0,234
BRDA:44,1,0,0
BRDA:44,1,1,234
BRF:3
BRH:2
end_of_record
TN:
SF:components/ui/calendar.tsx
FN:12,Calendar
FNF:1
FNH:0
FNDA:0,Calendar
DA:3,0
DA:4,0
DA:5,0
DA:7,0
DA:8,0
DA:64,0
DA:66,0
LF:7
LH:0
BRDA:15,0,0,0
BRF:1
BRH:0
end_of_record
TN:
SF:components/ui/card.tsx
FNF:0
FNH:0
DA:1,2
DA:3,2
DA:18,2
DA:30,2
DA:45,2
DA:57,2
DA:65,2
DA:77,2
DA:79,206
LF:9
LH:9
BRF:0
BRH:0
end_of_record
TN:
SF:components/ui/carousel.tsx
FN:35,useCarousel
FN:49,(anonymous_11)
FN:71,(anonymous_12)
FN:80,(anonymous_13)
FN:84,(anonymous_14)
FN:89,(anonymous_15)
FN:101,(anonymous_16)
FN:109,(anonymous_17)
FN:118,(anonymous_18)
FN:156,(anonymous_19)
FN:178,(anonymous_20)
FN:200,(anonymous_21)
FN:229,(anonymous_22)
FNF:13
FNH:0
FNDA:0,useCarousel
FNDA:0,(anonymous_11)
FNDA:0,(anonymous_12)
FNDA:0,(anonymous_13)
FNDA:0,(anonymous_14)
FNDA:0,(anonymous_15)
FNDA:0,(anonymous_16)
FNDA:0,(anonymous_17)
FNDA:0,(anonymous_18)
FNDA:0,(anonymous_19)
FNDA:0,(anonymous_20)
FNDA:0,(anonymous_21)
FNDA:0,(anonymous_22)
DA:3,0
DA:6,0
DA:7,0
DA:9,0
DA:10,0
DA:33,0
DA:36,0
DA:38,0
DA:39,0
DA:42,0
DA:45,0
DA:61,0
DA:68,0
DA:69,0
DA:71,0
DA:72,0
DA:73,0
DA:76,0
DA:77,0
DA:80,0
DA:81,0
DA:84,0
DA:85,0
DA:88,0
DA:90,0
DA:91,0
DA:92,0
DA:93,0
DA:94,0
DA:95,0
DA:101,0
DA:102,0
DA:103,0
DA:106,0
DA:109,0
DA:110,0
DA:111,0
DA:114,0
DA:115,0
DA:116,0
DA:118,0
DA:119,0
DA:151,0
DA:153,0
DA:157,0
DA:173,0
DA:175,0
DA:179,0
DA:195,0
DA:197,0
DA:201,0
DA:224,0
DA:226,0
DA:230,0
DA:253,0
DA:257,0
DA:258,0
DA:259,0
DA:260,0
DA:261,0
LF:60
LH:0
BRDA:38,0,0,0
BRDA:51,1,0,0
BRDA:64,2,0,0
BRDA:64,2,1,0
BRDA:72,3,0,0
BRDA:90,4,0,0
BRDA:90,4,1,0
BRDA:93,5,0,0
BRDA:102,6,0,0
BRDA:102,7,0,0
BRDA:102,7,1,0
BRDA:110,8,0,0
BRDA:130,9,0,0
BRDA:130,9,1,0
BRDA:130,10,0,0
BRDA:130,10,1,0
BRDA:165,11,0,0
BRDA:165,11,1,0
BRDA:188,12,0,0
BRDA:188,12,1,0
BRDA:200,13,0,0
BRDA:200,14,0,0
BRDA:210,15,0,0
BRDA:210,15,1,0
BRDA:229,16,0,0
BRDA:229,17,0,0
BRDA:239,18,0,0
BRDA:239,18,1,0
BRF:28
BRH:0
end_of_record
TN:
SF:components/ui/chart.tsx
FN:27,useChart
FN:45,(anonymous_11)
FN:70,(anonymous_12)
FN:72,(anonymous_13)
FN:84,(anonymous_14)
FN:87,(anonymous_15)
FN:116,(anonymous_16)
FN:136,(anonymous_17)
FN:188,(anonymous_18)
FN:269,(anonymous_19)
FN:288,(anonymous_20)
FN:320,getPayloadConfigFromPayload
FNF:12
FNH:0
FNDA:0,useChart
FNDA:0,(anonymous_11)
FNDA:0,(anonymous_12)
FNDA:0,(anonymous_13)
FNDA:0,(anonymous_14)
FNDA:0,(anonymous_15)
FNDA:0,(anonymous_16)
FNDA:0,(anonymous_17)
FNDA:0,(anonymous_18)
FNDA:0,(anonymous_19)
FNDA:0,(anonymous_20)
FNDA:0,getPayloadConfigFromPayload
DA:3,0
DA:4,0
DA:6,0
DA:9,0
DA:25,0
DA:28,0
DA:30,0
DA:31,0
DA:34,0
DA:37,0
DA:46,0
DA:47,0
DA:68,0
DA:70,0
DA:71,0
DA:72,0
DA:75,0
DA:76,0
DA:84,0
DA:89,0
DA:91,0
DA:103,0
DA:105,0
DA:134,0
DA:136,0
DA:137,0
DA:138,0
DA:141,0
DA:142,0
DA:143,0
DA:145,0
DA:149,0
DA:157,0
DA:158,0
DA:172,0
DA:173,0
DA:176,0
DA:189,0
DA:190,0
DA:191,0
DA:193,0
DA:257,0
DA:259,0
DA:261,0
DA:273,0
DA:275,0
DA:276,0
DA:289,0
DA:290,0
DA:292,0
DA:317,0
DA:325,0
DA:326,0
DA:330,0
DA:336,0
DA:338,0
DA:342,0
DA:343,0
DA:348,0
DA:353,0
DA:359,0
DA:360,0
DA:361,0
DA:362,0
DA:363,0
DA:364,0
LF:66
LH:0
BRDA:30,0,0,0
BRDA:47,1,0,0
BRDA:47,1,1,0
BRDA:72,2,0,0
BRDA:72,2,1,0
BRDA:75,3,0,0
BRDA:89,4,0,0
BRDA:89,4,1,0
BRDA:91,5,0,0
BRDA:91,5,1,0
BRDA:121,6,0,0
BRDA:122,7,0,0
BRDA:123,8,0,0
BRDA:137,9,0,0
BRDA:137,10,0,0
BRDA:137,10,1,0
BRDA:142,11,0,0
BRDA:142,11,1,0
BRDA:142,11,2,0
BRDA:142,11,3,0
BRDA:145,12,0,0
BRDA:145,12,1,0
BRDA:145,13,0,0
BRDA:145,13,1,0
BRDA:146,14,0,0
BRDA:146,14,1,0
BRDA:149,15,0,0
BRDA:157,16,0,0
BRDA:172,17,0,0
BRDA:172,18,0,0
BRDA:172,18,1,0
BRDA:176,19,0,0
BRDA:176,19,1,0
BRDA:186,20,0,0
BRDA:186,20,1,0
BRDA:189,21,0,0
BRDA:189,21,1,0
BRDA:189,21,2,0
BRDA:189,21,3,0
BRDA:191,22,0,0
BRDA:191,22,1,0
BRDA:191,22,2,0
BRDA:198,23,0,0
BRDA:198,23,1,0
BRDA:202,24,0,0
BRDA:201,25,0,0
BRDA:201,25,1,0
BRDA:201,25,2,0
BRDA:206,26,0,0
BRDA:208,27,0,0
BRDA:217,28,0,0
BRDA:217,28,1,0
BRDA:232,29,0,0
BRDA:232,29,1,0
BRDA:236,30,0,0
BRDA:236,30,1,0
BRDA:238,31,0,0
BRDA:238,31,1,0
BRDA:241,32,0,0
BRDA:270,33,0,0
BRDA:270,34,0,0
BRDA:275,35,0,0
BRDA:284,36,0,0
BRDA:284,36,1,0
BRDA:289,37,0,0
BRDA:289,37,1,0
BRDA:289,37,2,0
BRDA:300,38,0,0
BRDA:299,39,0,0
BRDA:299,39,1,0
BRDA:325,40,0,0
BRDA:325,41,0,0
BRDA:325,41,1,0
BRDA:330,42,0,0
BRDA:330,42,1,0
BRDA:330,43,0,0
BRDA:330,43,1,0
BRDA:330,43,2,0
BRDA:338,44,0,0
BRDA:338,44,1,0
BRDA:339,45,0,0
BRDA:339,45,1,0
BRDA:343,46,0,0
BRDA:344,47,0,0
BRDA:344,47,1,0
BRDA:344,47,2,0
BRDA:353,48,0,0
BRDA:353,48,1,0
BRF:88
BRH:0
end_of_record
TN:
SF:components/ui/checkbox.tsx
FNF:0
FNH:0
DA:3,1
DA:4,1
DA:5,1
DA:7,1
DA:28,1
DA:30,0
LF:6
LH:5
BRF:0
BRH:0
end_of_record
TN:
SF:components/ui/collapsible.tsx
FNF:0
FNH:0
DA:3,0
DA:5,0
DA:7,0
DA:9,0
DA:11,0
LF:5
LH:0
BRF:0
BRH:0
end_of_record
TN:
SF:components/ui/command.tsx
FN:26,(anonymous_14)
FN:127,(anonymous_21)
FNF:2
FNH:0
FNDA:0,(anonymous_14)
FNDA:0,(anonymous_21)
DA:3,0
DA:5,0
DA:6,0
DA:8,0
DA:9,0
DA:24,0
DA:26,0
DA:55,0
DA:68,0
DA:81,0
DA:97,0
DA:109,0
DA:125,0
DA:127,0
DA:141,0
DA:144,0
DA:145,0
DA:146,0
DA:147,0
DA:148,0
DA:149,0
DA:150,0
DA:151,0
DA:152,0
LF:24
LH:0
BRF:0
BRH:0
end_of_record
TN:
SF:components/ui/context-menu.tsx
FN:168,(anonymous_27)
FNF:1
FNH:0
FNDA:0,(anonymous_27)
DA:3,0
DA:4,0
DA:5,0
DA:7,0
DA:9,0
DA:11,0
DA:13,0
DA:15,0
DA:17,0
DA:19,0
DA:40,0
DA:55,0
DA:72,0
DA:90,0
DA:113,0
DA:136,0
DA:154,0
DA:166,0
DA:168,0
DA:182,0
DA:185,0
DA:186,0
DA:187,0
DA:188,0
DA:189,0
DA:190,0
DA:191,0
DA:192,0
DA:193,0
DA:194,0
DA:195,0
DA:196,0
DA:197,0
DA:198,0
DA:199,0
LF:35
LH:0
BRDA:31,0,0,0
BRDA:31,0,1,0
BRDA:84,1,0,0
BRDA:84,1,1,0
BRDA:148,2,0,0
BRDA:148,2,1,0
BRF:6
BRH:0
end_of_record
TN:
SF:components/ui/dialog.tsx
FNF:0
FNH:0
DA:3,0
DA:4,0
DA:5,0
DA:7,0
DA:9,0
DA:11,0
DA:13,0
DA:15,0
DA:30,0
DA:54,0
DA:68,0
DA:82,0
DA:97,0
DA:109,0
DA:112,0
DA:113,0
DA:114,0
DA:115,0
DA:116,0
DA:117,0
DA:118,0
DA:119,0
DA:120,0
DA:121,0
LF:24
LH:0
BRF:0
BRH:0
end_of_record
TN:
SF:components/ui/drawer.tsx
FNF:0
FNH:0
DA:3,0
DA:4,0
DA:6,0
DA:17,0
DA:19,0
DA:21,0
DA:23,0
DA:35,0
DA:56,0
DA:67,0
DA:78,0
DA:93,0
DA:105,0
DA:108,0
DA:109,0
DA:110,0
DA:111,0
DA:112,0
DA:113,0
DA:114,0
DA:115,0
DA:116,0
DA:117,0
LF:23
LH:0
BRDA:9,0,0,0
BRF:1
BRH:0
end_of_record
TN:
SF:components/ui/dropdown-menu.tsx
FN:171,(anonymous_27)
FNF:1
FNH:0
FNDA:0,(anonymous_27)
DA:3,0
DA:4,0
DA:5,0
DA:7,0
DA:9,0
DA:11,0
DA:13,0
DA:15,0
DA:17,0
DA:19,0
DA:40,0
DA:56,0
DA:75,0
DA:93,0
DA:116,0
DA:139,0
DA:157,0
DA:169,0
DA:171,0
DA:182,0
DA:185,0
DA:186,0
DA:187,0
DA:188,0
DA:189,0
DA:190,0
DA:191,0
DA:192,0
DA:193,0
DA:194,0
DA:195,0
DA:196,0
DA:197,0
DA:198,0
DA:199,0
LF:35
LH:0
BRDA:31,0,0,0
BRDA:31,0,1,0
BRDA:62,1,0,0
BRDA:87,2,0,0
BRDA:87,2,1,0
BRDA:151,3,0,0
BRDA:151,3,1,0
BRF:7
BRH:0
end_of_record
TN:
SF:components/ui/form.tsx
FN:31,(anonymous_12)
FN:44,(anonymous_13)
FN:78,(anonymous_14)
FN:92,(anonymous_15)
FN:109,(anonymous_16)
FN:131,(anonymous_17)
FN:148,(anonymous_18)
FNF:7
FNH:7
FNDA:343,(anonymous_12)
FNDA:1236,(anonymous_13)
FNDA:506,(anonymous_14)
FNDA:368,(anonymous_15)
FNDA:506,(anonymous_16)
FNDA:20,(anonymous_17)
FNDA:342,(anonymous_18)
DA:3,4
DA:5,4
DA:13,4
DA:15,4
DA:16,4
DA:18,4
DA:27,4
DA:31,4
DA:44,4
DA:45,1236
DA:46,1236
DA:47,1236
DA:49,1236
DA:51,1236
DA:52,0
DA:55,1236
DA:57,1236
DA:71,4
DA:75,4
DA:79,506
DA:87,4
DA:89,4
DA:93,368
DA:104,4
DA:106,4
DA:110,506
DA:126,4
DA:128,4
DA:132,20
DA:143,4
DA:145,4
DA:149,342
DA:150,342
DA:152,342
DA:153,339
DA:167,4
DA:170,0
DA:171,150
DA:172,557
DA:173,402
DA:174,557
DA:175,24
DA:176,377
DA:177,343
LF:44
LH:42
BRDA:51,0,0,0
BRDA:98,1,0,368
BRDA:98,1,1,3
BRDA:117,2,0,503
BRDA:117,2,1,3
BRDA:150,3,0,3
BRDA:150,3,1,339
BRDA:152,4,0,339
BRF:8
BRH:7
end_of_record
TN:
SF:components/ui/hover-card.tsx
FNF:0
FNH:0
DA:3,0
DA:4,0
DA:6,0
DA:8,0
DA:10,0
DA:27,0
DA:29,0
LF:7
LH:0
BRDA:15,0,0,0
BRDA:15,1,0,0
BRF:2
BRH:0
end_of_record
TN:
SF:components/ui/input-otp.tsx
FN:36,(anonymous_10)
FNF:1
FNH:0
FNDA:0,(anonymous_10)
DA:3,0
DA:4,0
DA:5,0
DA:7,0
DA:23,0
DA:31,0
DA:33,0
DA:37,0
DA:38,0
DA:59,0
DA:69,0
DA:71,0
LF:12
LH:0
BRDA:45,0,0,0
BRDA:45,0,1,0
BRDA:51,1,0,0
BRF:3
BRH:0
end_of_record
TN:
SF:components/ui/input.tsx
FN:6,(anonymous_4)
FNF:1
FNH:1
FNDA:280,(anonymous_4)
DA:1,4
DA:3,4
DA:5,4
DA:20,4
DA:22,311
LF:5
LH:5
BRF:0
BRH:0
end_of_record
TN:
SF:components/ui/label.tsx
FNF:0
FNH:0
DA:3,4
DA:4,4
DA:5,4
DA:7,4
DA:9,4
DA:24,4
DA:26,368
LF:7
LH:7
BRF:0
BRH:0
end_of_record
TN:
SF:components/ui/menubar.tsx
FN:203,(anonymous_30)
FNF:1
FNH:0
FNDA:0,(anonymous_30)
DA:3,0
DA:4,0
DA:5,0
DA:7,0
DA:9,0
DA:11,0
DA:13,0
DA:15,0
DA:17,0
DA:32,0
DA:47,0
DA:68,0
DA:83,0
DA:108,0
DA:126,0
DA:149,0
DA:171,0
DA:189,0
DA:201,0
DA:203,0
DA:217,0
DA:220,0
DA:221,0
DA:222,0
DA:223,0
DA:224,0
DA:225,0
DA:226,0
DA:227,0
DA:228,0
DA:229,0
DA:230,0
DA:231,0
DA:232,0
DA:233,0
DA:234,0
DA:235,0
LF:37
LH:0
BRDA:59,0,0,0
BRDA:59,0,1,0
BRDA:90,1,0,0
BRDA:90,2,0,0
BRDA:90,3,0,0
BRDA:120,4,0,0
BRDA:120,4,1,0
BRDA:183,5,0,0
BRDA:183,5,1,0
BRF:9
BRH:0
end_of_record
TN:
SF:components/ui/navigation-menu.tsx
FNF:0
FNH:0
DA:1,0
DA:2,0
DA:3,0
DA:4,0
DA:6,0
DA:24,0
DA:39,0
DA:41,0
DA:43,0
DA:63,0
DA:78,0
DA:80,0
DA:97,0
DA:115,0
DA:119,0
DA:120,0
DA:121,0
DA:122,0
DA:123,0
DA:124,0
DA:125,0
DA:126,0
DA:127,0
LF:23
LH:0
BRF:0
BRH:0
end_of_record
TN:
SF:components/ui/pagination.tsx
FNF:0
FNH:0
DA:1,0
DA:2,0
DA:4,0
DA:5,0
DA:15,0
DA:27,0
DA:35,0
DA:60,0
DA:76,0
DA:92,0
DA:107,0
DA:110,0
DA:111,0
DA:112,0
DA:113,0
DA:114,0
DA:115,0
DA:116,0
LF:18
LH:0
BRDA:45,0,0,0
BRDA:49,1,0,0
BRDA:49,1,1,0
BRDA:52,2,0,0
BRDA:52,2,1,0
BRF:5
BRH:0
end_of_record
TN:
SF:components/ui/popover.tsx
FNF:0
FNH:0
DA:3,0
DA:4,0
DA:6,0
DA:8,0
DA:10,0
DA:29,0
DA:31,0
LF:7
LH:0
BRDA:15,0,0,0
BRDA:15,1,0,0
BRF:2
BRH:0
end_of_record
TN:
SF:components/ui/progress.tsx
FNF:0
FNH:0
DA:3,1
DA:4,1
DA:6,1
DA:26,1
DA:28,3
LF:5
LH:5
BRDA:22,0,0,3
BRDA:22,0,1,0
BRF:2
BRH:1
end_of_record
TN:
SF:components/ui/radio-group.tsx
FN:12,(anonymous_6)
FN:26,(anonymous_7)
FNF:2
FNH:2
FNDA:20,(anonymous_6)
FNDA:80,(anonymous_7)
DA:3,1
DA:4,1
DA:5,1
DA:7,1
DA:9,1
DA:21,1
DA:23,1
DA:42,1
DA:44,96
LF:9
LH:9
BRF:0
BRH:0
end_of_record
TN:
SF:components/ui/resizable.tsx
FNF:0
FNH:0
DA:3,0
DA:4,0
DA:6,0
DA:21,0
DA:45,0
LF:5
LH:0
BRDA:37,0,0,0
BRF:1
BRH:0
end_of_record
TN:
SF:components/ui/scroll-area.tsx
FNF:0
FNH:0
DA:3,0
DA:4,0
DA:6,0
DA:24,0
DA:46,0
DA:48,0
LF:6
LH:0
BRDA:29,0,0,0
BRDA:35,1,0,0
BRDA:35,1,1,0
BRDA:37,2,0,0
BRDA:37,2,1,0
BRF:5
BRH:0
end_of_record
TN:
SF:components/ui/select.tsx
FNF:0
FNH:0
DA:3,2
DA:4,2
DA:5,2
DA:7,2
DA:9,2
DA:11,2
DA:13,2
DA:33,2
DA:50,2
DA:67,2
DA:100,2
DA:112,2
DA:135,2
DA:147,2
DA:150,42
DA:151,0
DA:152,42
DA:153,42
DA:154,42
DA:155,0
DA:156,84
DA:157,0
DA:158,0
DA:159,0
LF:24
LH:19
BRDA:73,0,0,42
BRDA:79,1,0,42
BRDA:79,1,1,42
BRDA:90,2,0,42
BRDA:90,2,1,42
BRF:5
BRH:5
end_of_record
TN:
SF:components/ui/separator.tsx
FNF:0
FNH:0
DA:3,0
DA:4,0
DA:6,0
DA:29,0
DA:31,0
LF:5
LH:0
BRDA:13,0,0,0
BRDA:13,1,0,0
BRDA:22,2,0,0
BRDA:22,2,1,0
BRF:4
BRH:0
end_of_record
TN:
SF:components/ui/sheet.tsx
FNF:0
FNH:0
DA:3,0
DA:4,0
DA:5,0
DA:6,0
DA:8,0
DA:10,0
DA:12,0
DA:14,0
DA:16,0
DA:31,0
DA:33,0
DA:75,0
DA:89,0
DA:103,0
DA:115,0
DA:127,0
DA:130,0
DA:131,0
DA:132,0
DA:133,0
DA:134,0
DA:135,0
DA:136,0
DA:137,0
DA:138,0
DA:139,0
LF:26
LH:0
BRDA:59,0,0,0
BRF:1
BRH:0
end_of_record
TN:
SF:components/ui/sidebar.tsx
FN:41,useSidebar
FN:58,(anonymous_29)
FN:78,(anonymous_30)
FN:93,(anonymous_31)
FN:95,(anonymous_32)
FN:96,(anonymous_33)
FN:100,(anonymous_34)
FN:101,(anonymous_35)
FN:112,(anonymous_36)
FN:120,(anonymous_37)
FN:167,(anonymous_38)
FN:265,(anonymous_39)
FN:275,(anonymous_40)
FN:291,(anonymous_41)
FN:320,(anonymous_42)
FN:338,(anonymous_43)
FN:356,(anonymous_44)
FN:371,(anonymous_45)
FN:386,(anonymous_46)
FN:401,(anonymous_47)
FN:419,(anonymous_48)
FN:434,(anonymous_49)
FN:455,(anonymous_50)
FN:544,(anonymous_54)
FN:601,(anonymous_55)
FN:652,(anonymous_57)
FN:654,(anonymous_58)
FN:715,(anonymous_61)
FNF:28
FNH:0
FNDA:0,useSidebar
FNDA:0,(anonymous_29)
FNDA:0,(anonymous_30)
FNDA:0,(anonymous_31)
FNDA:0,(anonymous_32)
FNDA:0,(anonymous_33)
FNDA:0,(anonymous_34)
FNDA:0,(anonymous_35)
FNDA:0,(anonymous_36)
FNDA:0,(anonymous_37)
FNDA:0,(anonymous_38)
FNDA:0,(anonymous_39)
FNDA:0,(anonymous_40)
FNDA:0,(anonymous_41)
FNDA:0,(anonymous_42)
FNDA:0,(anonymous_43)
FNDA:0,(anonymous_44)
FNDA:0,(anonymous_45)
FNDA:0,(anonymous_46)
FNDA:0,(anonymous_47)
FNDA:0,(anonymous_48)
FNDA:0,(anonymous_49)
FNDA:0,(anonymous_50)
FNDA:0,(anonymous_54)
FNDA:0,(anonymous_55)
FNDA:0,(anonymous_57)
FNDA:0,(anonymous_58)
FNDA:0,(anonymous_61)
DA:3,0
DA:4,0
DA:5,0
DA:6,0
DA:8,0
DA:9,0
DA:10,0
DA:11,0
DA:12,0
DA:13,0
DA:14,0
DA:20,0
DA:22,0
DA:23,0
DA:24,0
DA:25,0
DA:26,0
DA:27,0
DA:39,0
DA:42,0
DA:43,0
DA:44,0
DA:47,0
DA:50,0
DA:70,0
DA:71,0
DA:75,0
DA:76,0
DA:77,0
DA:79,0
DA:80,0
DA:81,0
DA:83,0
DA:87,0
DA:93,0
DA:94,0
DA:95,0
DA:96,0
DA:100,0
DA:101,0
DA:102,0
DA:106,0
DA:107,0
DA:111,0
DA:112,0
DA:117,0
DA:119,0
DA:120,0
DA:157,0
DA:159,0
DA:178,0
DA:180,0
DA:195,0
DA:260,0
DA:262,0
DA:266,0
DA:276,0
DA:277,0
DA:286,0
DA:288,0
DA:292,0
DA:315,0
DA:317,0
DA:333,0
DA:335,0
DA:351,0
DA:353,0
DA:366,0
DA:368,0
DA:381,0
DA:383,0
DA:396,0
DA:398,0
DA:414,0
DA:416,0
DA:429,0
DA:431,0
DA:435,0
DA:450,0
DA:452,0
DA:456,0
DA:473,0
DA:486,0
DA:499,0
DA:512,0
DA:514,0
DA:536,0
DA:556,0
DA:557,0
DA:570,0
DA:571,0
DA:574,0
DA:575,0
DA:593,0
DA:595,0
DA:602,0
DA:624,0
DA:645,0
DA:647,0
DA:654,0
DA:655,0
DA:683,0
DA:700,0
DA:706,0
DA:708,0
DA:716,0
DA:736,0
DA:739,0
DA:740,0
DA:741,0
DA:742,0
DA:743,0
DA:744,0
DA:745,0
DA:746,0
DA:747,0
DA:748,0
DA:749,0
DA:750,0
DA:751,0
DA:752,0
DA:753,0
DA:754,0
DA:755,0
DA:756,0
DA:757,0
DA:758,0
DA:759,0
DA:760,0
DA:761,0
DA:762,0
LF:131
LH:0
BRDA:43,0,0,0
BRDA:60,1,0,0
BRDA:76,2,0,0
BRDA:76,2,1,0
BRDA:79,3,0,0
BRDA:79,3,1,0
BRDA:80,4,0,0
BRDA:80,4,1,0
BRDA:94,5,0,0
BRDA:94,5,1,0
BRDA:102,6,0,0
BRDA:103,7,0,0
BRDA:103,7,1,0
BRDA:103,7,2,0
BRDA:117,8,0,0
BRDA:117,8,1,0
BRDA:169,9,0,0
BRDA:170,10,0,0
BRDA:171,11,0,0
BRDA:180,12,0,0
BRDA:195,13,0,0
BRDA:220,14,0,0
BRDA:220,14,1,0
BRDA:230,15,0,0
BRDA:230,15,1,0
BRDA:230,16,0,0
BRDA:230,16,1,0
BRDA:238,17,0,0
BRDA:238,17,1,0
BRDA:242,18,0,0
BRDA:242,18,1,0
BRDA:242,19,0,0
BRDA:242,19,1,0
BRDA:434,20,0,0
BRDA:435,21,0,0
BRDA:435,21,1,0
BRDA:455,22,0,0
BRDA:456,23,0,0
BRDA:456,23,1,0
BRDA:546,24,0,0
BRDA:547,25,0,0
BRDA:548,26,0,0
BRDA:549,27,0,0
BRDA:556,28,0,0
BRDA:556,28,1,0
BRDA:570,29,0,0
BRDA:574,30,0,0
BRDA:586,31,0,0
BRDA:586,31,1,0
BRDA:601,32,0,0
BRDA:601,33,0,0
BRDA:602,34,0,0
BRDA:602,34,1,0
BRDA:616,35,0,0
BRDA:616,35,1,0
BRDA:652,36,0,0
BRDA:665,37,0,0
BRDA:715,38,0,0
BRDA:715,39,0,0
BRDA:716,40,0,0
BRDA:716,40,1,0
BRDA:727,41,0,0
BRDA:727,41,1,0
BRDA:728,42,0,0
BRDA:728,42,1,0
BRF:65
BRH:0
end_of_record
TN:
SF:components/ui/skeleton.tsx
FN:3,Skeleton
FNF:1
FNH:1
FNDA:45,Skeleton
DA:1,1
DA:15,45
LF:2
LH:2
BRF:0
BRH:0
end_of_record
TN:
SF:components/ui/slider.tsx
FNF:0
FNH:0
DA:3,0
DA:4,0
DA:6,0
DA:26,0
DA:28,0
LF:5
LH:0
BRF:0
BRH:0
end_of_record
TN:
SF:components/ui/sonner.tsx
FN:8,(anonymous_1)
FNF:1
FNH:0
FNDA:0,(anonymous_1)
DA:3,0
DA:4,0
DA:8,0
DA:9,0
DA:31,0
LF:5
LH:0
BRDA:9,0,0,0
BRF:1
BRH:0
end_of_record
TN:
SF:components/ui/switch.tsx
FNF:0
FNH:0
DA:3,2
DA:4,2
DA:6,2
DA:27,2
DA:29,84
LF:5
LH:5
BRF:0
BRH:0
end_of_record
TN:
SF:components/ui/table.tsx
FNF:0
FNH:0
DA:1,2
DA:3,2
DA:17,2
DA:25,2
DA:37,2
DA:52,2
DA:67,2
DA:82,2
DA:94,2
DA:106,2
DA:109,78
DA:110,78
DA:111,78
DA:112,0
DA:113,172
DA:114,224
DA:115,325
DA:116,0
LF:18
LH:16
BRF:0
BRH:0
end_of_record
TN:
SF:components/ui/tabs.tsx
FNF:0
FNH:0
DA:3,0
DA:4,0
DA:6,0
DA:8,0
DA:23,0
DA:38,0
DA:53,0
DA:55,0
LF:8
LH:0
BRF:0
BRH:0
end_of_record
TN:
SF:components/ui/textarea.tsx
FN:8,(anonymous_4)
FNF:1
FNH:0
FNDA:0,(anonymous_4)
DA:1,0
DA:3,0
DA:5,0
DA:20,0
DA:22,0
LF:5
LH:0
BRF:0
BRH:0
end_of_record
TN:
SF:components/ui/toast.tsx
FN:47,(anonymous_12)
FNF:1
FNH:0
FNDA:0,(anonymous_12)
DA:3,0
DA:4,0
DA:5,0
DA:6,0
DA:8,0
DA:10,0
DA:25,0
DA:27,0
DA:43,0
DA:56,0
DA:71,0
DA:89,0
DA:101,0
DA:113,0
DA:122,0
DA:123,0
DA:124,0
DA:125,0
DA:126,0
DA:127,0
DA:128,0
LF:21
LH:0
BRF:0
BRH:0
end_of_record
TN:
SF:components/ui/toaster.tsx
FN:13,Toaster
FN:18,(anonymous_2)
FNF:2
FNH:0
FNDA:0,Toaster
FNDA:0,(anonymous_2)
DA:3,0
DA:11,0
DA:13,0
DA:14,0
DA:19,0
LF:5
LH:0
BRDA:22,0,0,0
BRDA:23,1,0,0
BRF:2
BRH:0
end_of_record
TN:
SF:components/ui/toggle-group.tsx
FN:39,(anonymous_7)
FNF:1
FNH:0
FNDA:0,(anonymous_7)
DA:3,0
DA:4,0
DA:7,0
DA:8,0
DA:10,0
DA:33,0
DA:35,0
DA:40,0
DA:59,0
DA:61,0
LF:10
LH:0
BRDA:47,0,0,0
BRDA:47,0,1,0
BRDA:48,1,0,0
BRDA:48,1,1,0
BRF:4
BRH:0
end_of_record
TN:
SF:components/ui/toggle.tsx
FNF:0
FNH:0
DA:3,0
DA:4,0
DA:5,0
DA:7,0
DA:9,0
DA:43,0
DA:45,0
LF:7
LH:0
BRF:0
BRH:0
end_of_record
TN:
SF:components/ui/tooltip.tsx
FNF:0
FNH:0
DA:3,0
DA:4,0
DA:6,0
DA:8,0
DA:10,0
DA:12,0
DA:28,0
DA:30,0
LF:8
LH:0
BRDA:17,0,0,0
BRF:1
BRH:0
end_of_record
TN:
SF:components/ui/use-mobile.tsx
FN:5,useIsMobile
FN:8,(anonymous_5)
FN:10,(anonymous_6)
FN:15,(anonymous_7)
FNF:4
FNH:0
FNDA:0,useIsMobile
FNDA:0,(anonymous_5)
FNDA:0,(anonymous_6)
FNDA:0,(anonymous_7)
DA:1,0
DA:3,0
DA:5,0
DA:6,0
DA:8,0
DA:9,0
DA:10,0
DA:11,0
DA:13,0
DA:14,0
DA:15,0
DA:18,0
LF:12
LH:0
BRF:0
BRH:0
end_of_record
TN:
SF:components/ui/use-toast.ts
FN:30,genId
FN:61,(anonymous_8)
FN:66,(anonymous_9)
FN:77,(anonymous_10)
FN:88,(anonymous_11)
FN:101,(anonymous_12)
FN:108,(anonymous_13)
FN:127,(anonymous_14)
FN:136,dispatch
FN:138,(anonymous_16)
FN:145,toast
FN:148,(anonymous_18)
FN:153,(anonymous_19)
FN:161,(anonymous_20)
FN:174,useToast
FN:177,(anonymous_22)
FN:179,(anonymous_23)
FN:190,(anonymous_24)
FNF:18
FNH:0
FNDA:0,genId
FNDA:0,(anonymous_8)
FNDA:0,(anonymous_9)
FNDA:0,(anonymous_10)
FNDA:0,(anonymous_11)
FNDA:0,(anonymous_12)
FNDA:0,(anonymous_13)
FNDA:0,(anonymous_14)
FNDA:0,dispatch
FNDA:0,(anonymous_16)
FNDA:0,toast
FNDA:0,(anonymous_18)
FNDA:0,(anonymous_19)
FNDA:0,(anonymous_20)
FNDA:0,useToast
FNDA:0,(anonymous_22)
FNDA:0,(anonymous_23)
FNDA:0,(anonymous_24)
DA:4,4
DA:11,4
DA:12,4
DA:21,4
DA:28,4
DA:31,0
DA:32,0
DA:59,4
DA:61,4
DA:62,0
DA:63,0
DA:66,0
DA:67,0
DA:68,0
DA:74,0
DA:77,4
DA:78,0
DA:80,0
DA:86,0
DA:89,0
DA:94,0
DA:98,0
DA:99,0
DA:101,0
DA:102,0
DA:106,0
DA:109,0
DA:119,0
DA:120,0
DA:125,0
DA:127,0
DA:132,4
DA:134,4
DA:137,0
DA:138,0
DA:139,0
DA:146,0
DA:148,0
DA:149,0
DA:153,0
DA:155,0
DA:162,0
DA:167,0
DA:175,0
DA:177,0
DA:178,0
DA:179,0
DA:180,0
DA:181,0
DA:182,0
DA:187,0
DA:190,0
DA:194,4
LF:53
LH:11
BRDA:62,0,0,0
BRDA:78,1,0,0
BRDA:78,1,1,0
BRDA:78,1,2,0
BRDA:78,1,3,0
BRDA:89,2,0,0
BRDA:89,2,1,0
BRDA:98,3,0,0
BRDA:98,3,1,0
BRDA:109,4,0,0
BRDA:109,4,1,0
BRDA:109,5,0,0
BRDA:109,5,1,0
BRDA:119,6,0,0
BRDA:162,7,0,0
BRDA:181,8,0,0
BRF:16
BRH:0
end_of_record
TN:
SF:hooks/use-mobile.tsx
FN:5,useIsMobile
FN:8,(anonymous_5)
FN:10,(anonymous_6)
FN:15,(anonymous_7)
FNF:4
FNH:3
FNDA:4,useIsMobile
FNDA:2,(anonymous_5)
FNDA:0,(anonymous_6)
FNDA:2,(anonymous_7)
DA:1,1
DA:3,1
DA:5,4
DA:6,4
DA:8,4
DA:9,2
DA:10,2
DA:11,0
DA:13,2
DA:14,2
DA:15,2
DA:18,4
LF:12
LH:11
BRF:0
BRH:0
end_of_record
TN:
SF:hooks/use-toast.ts
FN:30,genId
FN:61,(anonymous_8)
FN:66,(anonymous_9)
FN:77,(anonymous_10)
FN:88,(anonymous_11)
FN:101,(anonymous_12)
FN:108,(anonymous_13)
FN:127,(anonymous_14)
FN:136,dispatch
FN:138,(anonymous_16)
FN:145,toast
FN:148,(anonymous_18)
FN:153,(anonymous_19)
FN:161,(anonymous_20)
FN:174,useToast
FN:177,(anonymous_22)
FN:179,(anonymous_23)
FN:190,(anonymous_24)
FNF:18
FNH:14
FNDA:4,genId
FNDA:2,(anonymous_8)
FNDA:1,(anonymous_9)
FNDA:10,(anonymous_10)
FNDA:1,(anonymous_11)
FNDA:0,(anonymous_12)
FNDA:2,(anonymous_13)
FNDA:2,(anonymous_14)
FNDA:6,dispatch
FNDA:6,(anonymous_16)
FNDA:4,toast
FNDA:0,(anonymous_18)
FNDA:0,(anonymous_19)
FNDA:0,(anonymous_20)
FNDA:8,useToast
FNDA:8,(anonymous_22)
FNDA:8,(anonymous_23)
FNDA:1,(anonymous_24)
DA:4,1
DA:11,1
DA:12,1
DA:21,1
DA:28,1
DA:31,4
DA:32,4
DA:59,1
DA:61,1
DA:62,2
DA:63,0
DA:66,2
DA:67,1
DA:68,1
DA:74,2
DA:77,4
DA:78,10
DA:80,5
DA:86,1
DA:89,1
DA:94,2
DA:98,2
DA:99,2
DA:101,0
DA:102,0
DA:106,2
DA:109,2
DA:119,2
DA:120,0
DA:125,2
DA:127,2
DA:132,1
DA:134,1
DA:137,6
DA:138,6
DA:139,6
DA:146,4
DA:148,4
DA:149,0
DA:153,4
DA:155,4
DA:162,0
DA:167,4
DA:175,8
DA:177,8
DA:178,8
DA:179,8
DA:180,8
DA:181,8
DA:182,8
DA:187,8
DA:190,1
DA:194,8
LF:53
LH:47
BRDA:62,0,0,0
BRDA:78,1,0,5
BRDA:78,1,1,1
BRDA:78,1,2,2
BRDA:78,1,3,2
BRDA:89,2,0,1
BRDA:89,2,1,0
BRDA:98,3,0,2
BRDA:98,3,1,0
BRDA:109,4,0,2
BRDA:109,4,1,0
BRDA:109,5,0,2
BRDA:109,5,1,0
BRDA:119,6,0,0
BRDA:162,7,0,0
BRDA:181,8,0,8
BRF:16
BRH:9
end_of_record
TN:
SF:lib/data.ts
FN:68,(anonymous_13)
FN:75,(anonymous_14)
FN:83,(anonymous_15)
FN:112,(anonymous_16)
FN:114,(anonymous_17)
FN:120,(anonymous_18)
FN:122,(anonymous_19)
FN:125,(anonymous_20)
FN:127,(anonymous_21)
FN:140,(anonymous_22)
FN:142,(anonymous_23)
FN:148,(anonymous_24)
FN:150,(anonymous_25)
FN:153,(anonymous_26)
FN:155,(anonymous_27)
FN:169,(anonymous_28)
FN:171,(anonymous_29)
FN:177,(anonymous_30)
FN:179,(anonymous_31)
FN:182,(anonymous_32)
FN:184,(anonymous_33)
FN:197,(anonymous_34)
FN:199,(anonymous_35)
FN:204,(anonymous_36)
FN:205,(anonymous_37)
FN:223,(anonymous_38)
FN:225,(anonymous_39)
FN:231,(anonymous_40)
FN:232,(anonymous_41)
FN:232,(anonymous_42)
FN:234,(anonymous_43)
FN:235,(anonymous_44)
FN:251,(anonymous_45)
FN:254,(anonymous_46)
FN:256,(anonymous_47)
FN:262,(anonymous_48)
FN:263,(anonymous_49)
FN:267,(anonymous_50)
FN:268,(anonymous_51)
FN:287,(anonymous_52)
FNF:40
FNH:23
FNDA:29,(anonymous_13)
FNDA:10,(anonymous_14)
FNDA:7,(anonymous_15)
FNDA:3,(anonymous_16)
FNDA:3,(anonymous_17)
FNDA:0,(anonymous_18)
FNDA:0,(anonymous_19)
FNDA:1,(anonymous_20)
FNDA:1,(anonymous_21)
FNDA:2,(anonymous_22)
FNDA:2,(anonymous_23)
FNDA:0,(anonymous_24)
FNDA:0,(anonymous_25)
FNDA:1,(anonymous_26)
FNDA:1,(anonymous_27)
FNDA:1,(anonymous_28)
FNDA:1,(anonymous_29)
FNDA:0,(anonymous_30)
FNDA:0,(anonymous_31)
FNDA:1,(anonymous_32)
FNDA:1,(anonymous_33)
FNDA:0,(anonymous_34)
FNDA:0,(anonymous_35)
FNDA:0,(anonymous_36)
FNDA:0,(anonymous_37)
FNDA:1,(anonymous_38)
FNDA:1,(anonymous_39)
FNDA:2,(anonymous_40)
FNDA:2,(anonymous_41)
FNDA:3,(anonymous_42)
FNDA:2,(anonymous_43)
FNDA:3,(anonymous_44)
FNDA:1,(anonymous_45)
FNDA:0,(anonymous_46)
FNDA:0,(anonymous_47)
FNDA:0,(anonymous_48)
FNDA:0,(anonymous_49)
FNDA:0,(anonymous_50)
FNDA:0,(anonymous_51)
FNDA:0,(anonymous_52)
DA:4,6
DA:67,6
DA:69,29
DA:70,29
DA:71,29
DA:73,0
DA:76,10
DA:77,10
DA:83,6
DA:85,7
DA:88,7
DA:89,2
DA:97,7
DA:98,3
DA:106,7
DA:107,2
DA:112,7
DA:114,3
DA:116,3
DA:117,3
DA:120,6
DA:121,0
DA:122,0
DA:125,6
DA:127,1
DA:129,1
DA:130,1
DA:135,1
DA:136,1
DA:140,6
DA:142,2
DA:144,2
DA:145,2
DA:148,6
DA:149,0
DA:150,0
DA:153,6
DA:155,1
DA:157,1
DA:158,1
DA:164,1
DA:165,1
DA:169,6
DA:171,1
DA:173,1
DA:174,1
DA:177,6
DA:178,0
DA:179,0
DA:182,6
DA:184,1
DA:186,1
DA:187,1
DA:192,1
DA:193,1
DA:197,6
DA:199,0
DA:201,0
DA:202,0
DA:204,0
DA:205,0
DA:207,0
DA:223,6
DA:225,1
DA:227,1
DA:228,1
DA:229,1
DA:231,1
DA:232,3
DA:234,2
DA:235,3
DA:238,2
DA:239,2
DA:241,2
DA:251,1
DA:254,6
DA:256,0
DA:258,0
DA:259,0
DA:260,0
DA:262,0
DA:263,0
DA:265,0
DA:267,0
DA:268,0
DA:269,0
DA:270,0
DA:278,0
DA:287,0
LF:89
LH:63
BRDA:69,0,0,29
BRDA:71,1,0,20
BRDA:71,1,1,9
BRDA:76,2,0,10
BRDA:85,3,0,0
BRDA:88,4,0,2
BRDA:97,5,0,3
BRDA:106,6,0,2
BRDA:117,7,0,3
BRDA:117,7,1,1
BRDA:145,8,0,2
BRDA:145,8,1,1
BRDA:150,9,0,0
BRDA:150,9,1,0
BRDA:174,10,0,1
BRDA:174,10,1,0
BRDA:179,11,0,0
BRDA:179,11,1,0
BRDA:202,12,0,0
BRDA:202,12,1,0
BRDA:215,13,0,0
BRDA:215,13,1,0
BRDA:216,14,0,0
BRDA:216,14,1,0
BRDA:228,15,0,1
BRDA:228,15,1,0
BRDA:229,16,0,1
BRDA:229,16,1,0
BRDA:235,17,0,3
BRDA:235,17,1,2
BRDA:239,18,0,2
BRDA:239,18,1,0
BRDA:259,19,0,0
BRDA:259,19,1,0
BRDA:269,20,0,0
BRDA:282,21,0,0
BRDA:282,21,1,0
BRF:37
BRH:17
end_of_record
TN:
SF:lib/game-data.ts
FN:5,(anonymous_3)
FN:14,(anonymous_4)
FN:16,(anonymous_5)
FN:25,(anonymous_6)
FN:29,(anonymous_7)
FN:30,(anonymous_8)
FN:51,(anonymous_9)
FN:53,(anonymous_10)
FN:58,(anonymous_11)
FN:59,(anonymous_12)
FN:60,(anonymous_13)
FN:73,(anonymous_14)
FNF:12
FNH:0
FNDA:0,(anonymous_3)
FNDA:0,(anonymous_4)
FNDA:0,(anonymous_5)
FNDA:0,(anonymous_6)
FNDA:0,(anonymous_7)
FNDA:0,(anonymous_8)
FNDA:0,(anonymous_9)
FNDA:0,(anonymous_10)
FNDA:0,(anonymous_11)
FNDA:0,(anonymous_12)
FNDA:0,(anonymous_13)
FNDA:0,(anonymous_14)
DA:1,0
DA:4,0
DA:6,0
DA:7,0
DA:8,0
DA:10,0
DA:14,0
DA:16,0
DA:18,0
DA:20,0
DA:22,0
DA:25,0
DA:27,0
DA:29,0
DA:30,0
DA:31,0
DA:32,0
DA:40,0
DA:51,0
DA:53,0
DA:55,0
DA:57,0
DA:58,0
DA:60,0
DA:62,0
DA:73,0
DA:75,0
LF:27
LH:0
BRDA:6,0,0,0
BRDA:8,1,0,0
BRDA:8,1,1,0
BRDA:20,2,0,0
BRDA:31,3,0,0
BRDA:46,4,0,0
BRDA:46,4,1,0
BRDA:66,5,0,0
BRDA:66,5,1,0
BRDA:67,6,0,0
BRDA:67,6,1,0
BRDA:68,7,0,0
BRDA:68,7,1,0
BRF:13
BRH:0
end_of_record
TN:
SF:lib/player-data.ts
FN:5,(anonymous_3)
FN:14,(anonymous_4)
FN:16,(anonymous_5)
FN:19,(anonymous_6)
FN:26,(anonymous_7)
FN:26,(anonymous_8)
FN:28,(anonymous_9)
FN:29,(anonymous_10)
FN:46,(anonymous_11)
FN:48,(anonymous_12)
FN:53,(anonymous_13)
FN:53,(anonymous_14)
FN:54,(anonymous_15)
FN:55,(anonymous_16)
FN:66,(anonymous_17)
FNF:15
FNH:0
FNDA:0,(anonymous_3)
FNDA:0,(anonymous_4)
FNDA:0,(anonymous_5)
FNDA:0,(anonymous_6)
FNDA:0,(anonymous_7)
FNDA:0,(anonymous_8)
FNDA:0,(anonymous_9)
FNDA:0,(anonymous_10)
FNDA:0,(anonymous_11)
FNDA:0,(anonymous_12)
FNDA:0,(anonymous_13)
FNDA:0,(anonymous_14)
FNDA:0,(anonymous_15)
FNDA:0,(anonymous_16)
FNDA:0,(anonymous_17)
DA:1,0
DA:4,0
DA:6,0
DA:7,0
DA:8,0
DA:10,0
DA:14,0
DA:16,0
DA:18,0
DA:19,0
DA:21,0
DA:23,0
DA:26,0
DA:28,0
DA:29,0
DA:32,0
DA:33,0
DA:35,0
DA:46,0
DA:48,0
DA:50,0
DA:52,0
DA:53,0
DA:55,0
DA:57,0
DA:66,0
DA:68,0
LF:27
LH:0
BRDA:6,0,0,0
BRDA:8,1,0,0
BRDA:8,1,1,0
BRDA:18,2,0,0
BRDA:18,2,1,0
BRDA:21,3,0,0
BRDA:29,4,0,0
BRDA:29,4,1,0
BRDA:33,5,0,0
BRDA:33,5,1,0
BRF:10
BRH:0
end_of_record
TN:
SF:lib/utils.ts
FN:4,cn
FNF:1
FNH:1
FNDA:4137,cn
DA:1,6
DA:2,6
DA:4,4137
DA:5,4137
LF:4
LH:4
BRF:0
BRH:0
end_of_record
